[debug] [2020-01-24T06:51:47.203Z] ----------------------------------------------------------------------
[debug] [2020-01-24T06:51:47.211Z] Command:       C:\Program Files\nodejs\node.exe C:\Users\manis\AppData\Roaming\npm\node_modules\firebase-tools\lib\bin\firebase.js init
[debug] [2020-01-24T06:51:47.211Z] CLI Version:   7.12.1
[debug] [2020-01-24T06:51:47.212Z] Platform:      win32
[debug] [2020-01-24T06:51:47.212Z] Node Version:  v12.13.1
[debug] [2020-01-24T06:51:47.214Z] Time:          Fri Jan 24 2020 12:21:47 GMT+0530 (India Standard Time)
[debug] [2020-01-24T06:51:47.215Z] ----------------------------------------------------------------------
[debug] [2020-01-24T06:51:47.215Z] 
[debug] [2020-01-24T06:51:47.243Z] > command requires scopes: ["email","openid","https://www.googleapis.com/auth/cloudplatformprojects.readonly","https://www.googleapis.com/auth/firebase","https://www.googleapis.com/auth/cloud-platform"]
[debug] [2020-01-24T06:51:47.246Z] > authorizing via signed-in user
[info] 
     ######## #### ########  ######## ########     ###     ######  ########
     ##        ##  ##     ## ##       ##     ##  ##   ##  ##       ##
     ######    ##  ########  ######   ########  #########  ######  ######
     ##        ##  ##    ##  ##       ##     ## ##     ##       ## ##
     ##       #### ##     ## ######## ########  ##     ##  ######  ########

You're about to initialize a Firebase project in this directory:

  K:\Vuejs\first-firebase

Before we get started, keep in mind:

  * You are initializing in an existing Firebase project directory

[info] 
=== Project Setup
[info] 
[info] First, let's associate this project directory with a Firebase project.
[info] You can create multiple project aliases by running firebase use --add, 
[info] but for now we'll just set up a default project.
[info] 
[info] i  .firebaserc already has a default project, using firstfirebases.
[debug] [2020-01-24T06:51:54.019Z] > refreshing access token with scopes: ["email","https://www.googleapis.com/auth/cloud-platform","https://www.googleapis.com/auth/cloudplatformprojects.readonly","https://www.googleapis.com/auth/firebase","openid"]
[debug] [2020-01-24T06:51:54.020Z] >>> HTTP REQUEST POST https://www.googleapis.com/oauth2/v3/token  
 <request body omitted>
[debug] [2020-01-24T06:51:55.423Z] <<< HTTP RESPONSE 200
[debug] [2020-01-24T06:51:55.443Z] >>> HTTP REQUEST GET https://firebase.googleapis.com/v1beta1/projects/firstfirebases  
 
[debug] [2020-01-24T06:51:56.123Z] <<< HTTP RESPONSE 200
[info] 
=== Storage Setup
[info] 
[info] Firebase Storage Security Rules allow you to define how and when to allow
[info] uploads and downloads. You can keep these rules in your project directory
[info] and publish them with firebase deploy.
[info] 
[debug] [2020-01-24T11:59:29.525Z] Error: kill ENOSYS
    at process.kill (internal/process/per_thread.js:189:13)
    at process.listener (C:\Users\manis\AppData\Roaming\npm\node_modules\firebase-tools\node_modules\signal-exit\index.js:95:15)
    at process.emit (events.js:210:5)
[error] 
[error] Error: An unexpected error has occurred.
